This file contains any messages produced by compilers while
running configure, to aid debugging if configure makes a mistake.

It was created by configure, which was
generated by GNU Autoconf 2.68.  Invocation command line was

  $ ./configure --x-libraries=/usr/X11R6/lib --x-includes=/usr/X11R6/include LIBS=-framework CoreFoundation -lstdc++.6 --with-otcl=../otcl-1.14 --with-tclcl=../tclcl-1.20 CFLAGS=-stdlib=libstdc++

## --------- ##
## Platform. ##
## --------- ##

hostname = dhcp130-243-26-15.vl815.kau.se
uname -m = x86_64
uname -r = 18.2.0
uname -s = Darwin
uname -v = Darwin Kernel Version 18.2.0: Fri Oct  5 19:41:49 PDT 2018; root:xnu-4903.221.2~2/RELEASE_X86_64

/usr/bin/uname -p = i386
/bin/uname -X     = unknown

/bin/arch              = unknown
/usr/bin/arch -k       = unknown
/usr/convex/getsysinfo = unknown
/usr/bin/hostinfo      = Mach kernel version:
	 Darwin Kernel Version 18.2.0: Fri Oct  5 19:41:49 PDT 2018; root:xnu-4903.221.2~2/RELEASE_X86_64
Kernel configured for up to 4 processors.
2 processors are physically available.
4 processors are logically available.
Processor type: x86_64h (Intel x86-64h Haswell)
Processors active: 0 1 2 3
Primary memory available: 8.00 gigabytes
Default processor set: 366 tasks, 1125 threads, 4 processors
Load average: 2.16, Mach factor: 1.83
/bin/machine           = unknown
/usr/bin/oslevel       = unknown
/bin/universe          = unknown

PATH: /Users/oljideje/workspace/repos/ns-install-osx/ns-allinone-2.35/bin
PATH: /usr/local/bin
PATH: /usr/local/bin
PATH: /usr/bin
PATH: /bin
PATH: /usr/sbin
PATH: /sbin
PATH: /Library/TeX/texbin
PATH: /opt/X11/bin
PATH: /Applications/Wireshark.app/Contents/MacOS
PATH: /Users/oljideje/workspace/repos/ns-install-osx/ns-allinone-2.35/ns-2.35
PATH: /Users/oljideje/workspace/repos/ns-install-osx/ns-allinone-2.35/nam-1.15
PATH: /Users/oljideje/workspace/repos/ns-install-osx/ns-allinone-2.35/ns-2.35
PATH: /Users/oljideje/workspace/repos/ns-install-osx/ns-allinone-2.35/nam-1.15
PATH: /Users/oljideje/workspace/repos/ns-install-osx/ns-allinone-2.35/ns-2.35
PATH: /Users/oljideje/workspace/repos/ns-install-osx/ns-allinone-2.35/nam-1.15
PATH: /Users/oljideje/workspace/repos/ns-install-osx/ns-allinone-2.35/ns-2.35
PATH: /Users/oljideje/workspace/repos/ns-install-osx/ns-allinone-2.35/nam-1.15


## ----------- ##
## Core tests. ##
## ----------- ##

configure:2498: checking for gcc
configure:2514: found /usr/bin/gcc
configure:2525: result: gcc
configure:2754: checking for C compiler version
configure:2763: gcc --version >&5
Apple LLVM version 10.0.0 (clang-1000.11.45.5)
Target: x86_64-apple-darwin18.2.0
Thread model: posix
InstalledDir: /Applications/Xcode.app/Contents/Developer/Toolchains/XcodeDefault.xctoolchain/usr/bin
Configured with: --prefix=/Applications/Xcode.app/Contents/Developer/usr --with-gxx-include-dir=/Applications/Xcode.app/Contents/Developer/Platforms/MacOSX.platform/Developer/SDKs/MacOSX10.14.sdk/usr/include/c++/4.2.1
configure:2774: $? = 0
configure:2763: gcc -v >&5
Configured with: --prefix=/Applications/Xcode.app/Contents/Developer/usr --with-gxx-include-dir=/Applications/Xcode.app/Contents/Developer/Platforms/MacOSX.platform/Developer/SDKs/MacOSX10.14.sdk/usr/include/c++/4.2.1
Apple LLVM version 10.0.0 (clang-1000.11.45.5)
Target: x86_64-apple-darwin18.2.0
Thread model: posix
InstalledDir: /Applications/Xcode.app/Contents/Developer/Toolchains/XcodeDefault.xctoolchain/usr/bin
configure:2774: $? = 0
configure:2763: gcc -V >&5
clang: error: argument to '-V' is missing (expected 1 value)
clang: error: no input files
configure:2774: $? = 1
configure:2763: gcc -qversion >&5
clang: error: unknown argument: '-qversion'
clang: error: no input files
configure:2774: $? = 1
configure:2794: checking whether the C compiler works
configure:2816: gcc -stdlib=libstdc++   conftest.c -framework CoreFoundation -lstdc++.6 >&5
ld: library not found for -lstdc++.6
clang: error: linker command failed with exit code 1 (use -v to see invocation)
configure:2820: $? = 1
configure:2858: result: no
configure: failed program was:
| /* confdefs.h */
| #define PACKAGE_NAME ""
| #define PACKAGE_TARNAME ""
| #define PACKAGE_VERSION ""
| #define PACKAGE_STRING ""
| #define PACKAGE_BUGREPORT ""
| #define PACKAGE_URL ""
| /* end confdefs.h.  */
| 
| int
| main ()
| {
| 
|   ;
|   return 0;
| }
configure:2863: error: in `/Users/oljideje/workspace/repos/ns-install-osx/ns-allinone-2.35/ns-2.35':
configure:2865: error: C compiler cannot create executables
See `config.log' for more details

## ---------------- ##
## Cache variables. ##
## ---------------- ##

ac_cv_env_CCC_set=
ac_cv_env_CCC_value=
ac_cv_env_CC_set=
ac_cv_env_CC_value=
ac_cv_env_CFLAGS_set=set
ac_cv_env_CFLAGS_value=-stdlib=libstdc++
ac_cv_env_CPPFLAGS_set=
ac_cv_env_CPPFLAGS_value=
ac_cv_env_CPP_set=
ac_cv_env_CPP_value=
ac_cv_env_CXXFLAGS_set=
ac_cv_env_CXXFLAGS_value=
ac_cv_env_CXX_set=
ac_cv_env_CXX_value=
ac_cv_env_LDFLAGS_set=
ac_cv_env_LDFLAGS_value=
ac_cv_env_LIBS_set=set
ac_cv_env_LIBS_value='-framework CoreFoundation -lstdc++.6'
ac_cv_env_build_alias_set=
ac_cv_env_build_alias_value=
ac_cv_env_host_alias_set=
ac_cv_env_host_alias_value=
ac_cv_env_target_alias_set=
ac_cv_env_target_alias_value=
ac_cv_prog_ac_ct_CC=gcc

## ----------------- ##
## Output variables. ##
## ----------------- ##

CC='gcc'
CFLAGS='-stdlib=libstdc++'
CPP=''
CPPFLAGS=''
CPP_NAMESPACE=''
CXX=''
CXXFLAGS=''
DEFS=''
DL_LD_FLAGS=''
DL_LD_SEARCH_FLAGS=''
DL_LIBS=''
ECHO_C='\c'
ECHO_N=''
ECHO_T=''
EGREP=''
EXEEXT=''
GREP=''
INSTALL_DATA=''
INSTALL_PROGRAM=''
INSTALL_SCRIPT=''
LDFLAGS=''
LIBOBJS=''
LIBS='-framework CoreFoundation -lstdc++.6'
LTLIBOBJS=''
NSLIB=''
OBJEXT=''
PACKAGE_BUGREPORT=''
PACKAGE_NAME=''
PACKAGE_STRING=''
PACKAGE_TARNAME=''
PACKAGE_URL=''
PACKAGE_VERSION=''
PATH_SEPARATOR=':'
PERL=''
PKG_SHLIB_CFLAGS=''
SHELL='/bin/sh'
SHLIB_CFLAGS=''
SHLIB_LD=''
SHLIB_LD_LIBS=''
SHLIB_SUFFIX=''
V_ALL=''
V_AR=''
V_BROKEN_OBJ=''
V_CCOPT=''
V_DEFINE=''
V_DEFINES=''
V_IMPORT_LIBS=''
V_INCLUDE=''
V_INCLUDES=''
V_INCLUDE_X11=''
V_LIB=''
V_LIBRARY_TCL=''
V_LIBRARY_TK=''
V_LIBS=''
V_LIB_OTCL=''
V_LIB_TCL=''
V_LIB_TCLCL=''
V_LIB_TK=''
V_LIB_X11=''
V_LSSCRIPT=''
V_NS_TCL_LIB_STL=''
V_OBJ=''
V_OBJ_CRYPT=''
V_RANLIB=''
V_SHELL=''
V_SIGRET=''
V_STATIC=''
V_STLOBJ=''
V_TARCMD=''
V_TAR_EXTRA=''
V_TAR_TARGET=''
V_TCL2CPP=''
V_TCLSH=''
V_TCL_LIBRARY_FILES=''
V_TKDOSNAMES=''
ac_ct_CC='gcc'
ac_ct_CXX=''
bindir='${exec_prefix}/bin'
build=''
build_alias=''
build_cpu=''
build_nse=''
build_os=''
build_vendor=''
datadir='${datarootdir}'
datarootdir='${prefix}/share'
docdir='${datarootdir}/doc/${PACKAGE}'
dvidir='${docdir}'
exec_prefix='NONE'
host=''
host_alias=''
host_cpu=''
host_os=''
host_vendor=''
htmldir='${docdir}'
includedir='${prefix}/include'
infodir='${datarootdir}/info'
libdir='${exec_prefix}/lib'
libexecdir='${exec_prefix}/libexec'
localedir='${datarootdir}/locale'
localstatedir='${prefix}/var'
mandir='${datarootdir}/man'
oldincludedir='/usr/include'
pdfdir='${docdir}'
prefix='NONE'
program_transform_name='s,x,x,'
psdir='${docdir}'
sbindir='${exec_prefix}/sbin'
sharedstatedir='${prefix}/com'
sysconfdir='${prefix}/etc'
target=''
target_alias=''
target_cpu=''
target_os=''
target_vendor=''

## ----------- ##
## confdefs.h. ##
## ----------- ##

/* confdefs.h */
#define PACKAGE_NAME ""
#define PACKAGE_TARNAME ""
#define PACKAGE_VERSION ""
#define PACKAGE_STRING ""
#define PACKAGE_BUGREPORT ""
#define PACKAGE_URL ""

configure: exit 77
